Removed Pin From Net: NetName=VCC Pin=L1-1
Added Component: Designator=*(ESP32 DEVKIT)
Add component. Clean all parameters for all variants
Added Component: Designator=JP1(JP 1x3 DT)
Add component. Clean all parameters for all variants
Add component (AddParameter): Name = "Chung_Loai"; Value = "C?m"; VariantName = "[No Variations]"
Add component (AddParameter): Name = "Don_Vi"; Value = "Con"; VariantName = "[No Variations]"
Add component (AddParameter): Name = "Ghi_Chu"; Value = ""; VariantName = "[No Variations]"
Add component (AddParameter): Name = "Kieu_Chan"; Value = ""; VariantName = "[No Variations]"
Add component (AddParameter): Name = "Ma_Hang"; Value = "MH000903"; VariantName = "[No Variations]"
Add component (AddParameter): Name = "Ten_Linh_Kien"; Value = "Jump Ðon Ð?c 2.54MM 1x40P Th?ng 11MM"; VariantName = "[No Variations]"
Added Component: Designator=JP2(JP 1x5 CT)
Add component. Clean all parameters for all variants
Add component (AddParameter): Name = "Chung_Loai"; Value = "C?m"; VariantName = "[No Variations]"
Add component (AddParameter): Name = "Don_Vi"; Value = "Con"; VariantName = "[No Variations]"
Add component (AddParameter): Name = "Ghi_Chu"; Value = ""; VariantName = "[No Variations]"
Add component (AddParameter): Name = "Kieu_Chan"; Value = ""; VariantName = "[No Variations]"
Add component (AddParameter): Name = "Ma_Hang"; Value = "MH004006"; VariantName = "[No Variations]"
Add component (AddParameter): Name = "Ten_Linh_Kien"; Value = "Jump Ðon Cái 2.54MM 1x20P Th?ng"; VariantName = "[No Variations]"
Added Component: Designator=JP3(JP 1x3 DT)
Add component. Clean all parameters for all variants
Add component (AddParameter): Name = "Chung_Loai"; Value = "C?m"; VariantName = "[No Variations]"
Add component (AddParameter): Name = "Don_Vi"; Value = "Con"; VariantName = "[No Variations]"
Add component (AddParameter): Name = "Ghi_Chu"; Value = ""; VariantName = "[No Variations]"
Add component (AddParameter): Name = "Kieu_Chan"; Value = ""; VariantName = "[No Variations]"
Add component (AddParameter): Name = "Ma_Hang"; Value = "MH000903"; VariantName = "[No Variations]"
Add component (AddParameter): Name = "Ten_Linh_Kien"; Value = "Jump Ðon Ð?c 2.54MM 1x40P Th?ng 11MM"; VariantName = "[No Variations]"
Added Component: Designator=JP4(JP 1x7 CT)
Add component. Clean all parameters for all variants
Add component (AddParameter): Name = "Chung_Loai"; Value = "C?m"; VariantName = "[No Variations]"
Add component (AddParameter): Name = "Don_Vi"; Value = "Con"; VariantName = "[No Variations]"
Add component (AddParameter): Name = "Ghi_Chu"; Value = ""; VariantName = "[No Variations]"
Add component (AddParameter): Name = "Kieu_Chan"; Value = ""; VariantName = "[No Variations]"
Add component (AddParameter): Name = "Ma_Hang"; Value = "MH004006"; VariantName = "[No Variations]"
Add component (AddParameter): Name = "Ten_Linh_Kien"; Value = "Jump Ðon Cái 2.54MM 1x20P Th?ng"; VariantName = "[No Variations]"
Added Component: Designator=L2(LED-3MM-RED)
Add component. Clean all parameters for all variants
Add component (AddParameter): Name = "Chung_Loai"; Value = "C?m"; VariantName = "[No Variations]"
Add component (AddParameter): Name = "Don_Vi"; Value = "Con"; VariantName = "[No Variations]"
Add component (AddParameter): Name = "Ghi_Chu"; Value = ""; VariantName = "[No Variations]"
Add component (AddParameter): Name = "Kieu_Chan"; Value = ""; VariantName = "[No Variations]"
Add component (AddParameter): Name = "Ma_Hang"; Value = "MH003892"; VariantName = "[No Variations]"
Add component (AddParameter): Name = "Ten_Linh_Kien"; Value = "Led 3MM Ph? Ð? (10c)"; VariantName = "[No Variations]"
Added Pin To Net: NetName=3V3 Pin=*-1
Added Pin To Net: NetName=G26 Pin=*-10
Added Pin To Net: NetName=G27 Pin=*-11
Added Pin To Net: NetName=G14 Pin=*-12
Added Pin To Net: NetName=G12 Pin=*-13
Added Pin To Net: NetName=G13 Pin=*-15
Added Pin To Net: NetName=GND Pin=*-18
Added Pin To Net: NetName=5V Pin=*-19
Added Pin To Net: NetName=DHT Pin=*-26
Added Pin To Net: NetName=PIR Pin=*-29
Added Pin To Net: NetName=GND Pin=*-32
Added Pin To Net: NetName=SDA Pin=*-33
Added Pin To Net: NetName=SCL Pin=*-36
Added Pin To Net: NetName=GND Pin=*-38
Added Pin To Net: NetName=VCC Pin=JP1-1
Added Pin To Net: NetName=PIR Pin=JP1-2
Added Pin To Net: NetName=GND Pin=JP1-3
Added Pin To Net: NetName=GND Pin=JP2-1
Added Pin To Net: NetName=SDA Pin=JP2-3
Added Pin To Net: NetName=SCL Pin=JP2-4
Added Pin To Net: NetName=VCC Pin=JP2-5
Added Pin To Net: NetName=VCC Pin=JP3-1
Added Pin To Net: NetName=DHT Pin=JP3-2
Added Pin To Net: NetName=GND Pin=JP3-3
Added Pin To Net: NetName=5V Pin=JP4-1
Added Pin To Net: NetName=GND Pin=JP4-2
Added Pin To Net: NetName=G13 Pin=JP4-3
Added Pin To Net: NetName=G12 Pin=JP4-4
Added Pin To Net: NetName=G14 Pin=JP4-5
Added Pin To Net: NetName=G27 Pin=JP4-6
Added Pin To Net: NetName=G26 Pin=JP4-7
Added Pin To Net: NetName=3V3 Pin=L1-1
Added Pin To Net: NetName=3V3 Pin=L2-1
Added Pin To Net: NetName=GND Pin=L2-2
Added Member To Class: ClassName=node Member=Component * ESP32 DEV KIT
Added Member To Class: ClassName=node Member=Component JP1 JP 1x3 2.54
Added Member To Class: ClassName=node Member=Component JP2 JP 1x5 2.54
Added Member To Class: ClassName=node Member=Component JP3 JP 1x3 2.54
Added Member To Class: ClassName=node Member=Component JP4 JP 1x7 2.54
Added Member To Class: ClassName=node Member=Component L1 LED 3mm
Added Member To Class: ClassName=GateWay Member=Component L2 LED 3mm
Added Room: Name=GateWay
